<?xml version="1.0" encoding="UTF-8"?>
<testng-results ignored="0" total="1" passed="1" failed="0" skipped="0">
  <reporter-output>
  </reporter-output>
  <suite started-at="2020-01-21T20:35:35 CET" name="Default suite" finished-at="2020-01-21T20:35:51 CET" duration-ms="16143">
    <groups>
    </groups>
    <test started-at="2020-01-21T20:35:35 CET" name="Default test" finished-at="2020-01-21T20:35:51 CET" duration-ms="16143">
      <class name="DemoPackage.DemoTest">
        <test-method is-config="true" signature="beforeMethod()[pri:0, instance:DemoPackage.DemoTest@3745e5c6]" started-at="2020-01-21T20:35:35 CET" name="beforeMethod" finished-at="2020-01-21T20:35:44 CET" duration-ms="8459" status="PASS">
          <reporter-output>
          </reporter-output>
        </test-method> <!-- beforeMethod -->
        <test-method signature="testMethod3()[pri:0, instance:DemoPackage.DemoTest@3745e5c6]" started-at="2020-01-21T20:35:44 CET" name="testMethod3" finished-at="2020-01-21T20:35:50 CET" duration-ms="6519" status="PASS">
          <reporter-output>
          </reporter-output>
        </test-method> <!-- testMethod3 -->
        <test-method is-config="true" signature="afterMethod()[pri:0, instance:DemoPackage.DemoTest@3745e5c6]" started-at="2020-01-21T20:35:50 CET" name="afterMethod" finished-at="2020-01-21T20:35:51 CET" duration-ms="989" status="PASS">
          <reporter-output>
          </reporter-output>
        </test-method> <!-- afterMethod -->
      </class> <!-- DemoPackage.DemoTest -->
    </test> <!-- Default test -->
  </suite> <!-- Default suite -->
</testng-results>
